Build started 13.08.2015 11:42:01.
Project "C:\Users\notakey\Desktop\Projects\notakey_cp\SampleV2CredentialProvider.vcxproj" on node 2 (Build target(s)).
ClCompile:
  C:\Program Files (x86)\Microsoft Visual Studio 14.0\VC\bin\CL.exe /c /ZI /nologo /W4 /WX /sdl- /Od /Oy- /D WIN32 /D _DEBUG /D _WINDOWS /D _USRDLL /D SAMPLEV2CREDENTIALPROVIDER_EXPORTS /D _WINDLL /D _UNICODE /D UNICODE /Gm /EHsc /RTC1 /MDd /GS /fp:precise /Zc:wchar_t /Zc:forScope /Zc:inline /Fo"Debug\\" /Fd"Debug\vc140.pdb" /Gd /TP /analyze- /errorReport:prompt CSampleCredential.cpp CSampleProvider.cpp Dll.cpp
  Dll.cpp
c:\users\notakey\desktop\projects\notakey_cp\dll.cpp(36): error C2220: warning treated as error - no 'object' file generated
c:\users\notakey\desktop\projects\notakey_cp\dll.cpp(36): warning C4838: conversion from 'DWORD' to 'int' requires a narrowing conversion
  c:\users\notakey\desktop\projects\notakey_cp\dll.cpp(36): note: to simplify migration, consider the temporary use of /Wv:18 flag with the version of the compiler with which you used to build without warnings
  CSampleProvider.cpp
c:\users\notakey\desktop\projects\notakey_cp\csamplecredential.h(47): error C2220: warning treated as error - no 'object' file generated
c:\users\notakey\desktop\projects\notakey_cp\csamplecredential.h(47): warning C4838: conversion from 'DWORD' to 'int' requires a narrowing conversion
  c:\users\notakey\desktop\projects\notakey_cp\csamplecredential.h(47): note: to simplify migration, consider the temporary use of /Wv:18 flag with the version of the compiler with which you used to build without warnings
c:\users\notakey\desktop\projects\notakey_cp\csampleprovider.h(44): warning C4838: conversion from 'DWORD' to 'int' requires a narrowing conversion
  c:\users\notakey\desktop\projects\notakey_cp\csampleprovider.h(44): note: to simplify migration, consider the temporary use of /Wv:18 flag with the version of the compiler with which you used to build without warnings
  CSampleCredential.cpp
c:\users\notakey\desktop\projects\notakey_cp\csamplecredential.h(47): error C2220: warning treated as error - no 'object' file generated
c:\users\notakey\desktop\projects\notakey_cp\csamplecredential.h(47): warning C4838: conversion from 'DWORD' to 'int' requires a narrowing conversion
  c:\users\notakey\desktop\projects\notakey_cp\csamplecredential.h(47): note: to simplify migration, consider the temporary use of /Wv:18 flag with the version of the compiler with which you used to build without warnings
  Generating Code...
Done Building Project "C:\Users\notakey\Desktop\Projects\notakey_cp\SampleV2CredentialProvider.vcxproj" (Build target(s)) -- FAILED.

Build FAILED.

Time Elapsed 00:00:03.15
